
Showing logs for build [32mcb-kubecd-environment-pr-1088-4-xb5fx-1[0m stage [32mfrom-build-pack[0m and container [32mstep-credential-initializer-n46c6[0m
{"level":"warn","ts":1578617490.4090695,"logger":"fallback-logger","caller":"logging/config.go:69","msg":"Fetch GitHub commit ID from kodata failed: \"ref: refs/heads/0.8.0-**-support-backwards-incompats\" is not a valid GitHub commit ID"}
{"level":"info","ts":1578617490.4099643,"logger":"fallback-logger","caller":"creds-init/main.go:40","msg":"Credentials initialized."}

Showing logs for build [32mcb-kubecd-environment-pr-1088-4-xb5fx-1[0m stage [32mfrom-build-pack[0m and container [32mstep-working-dir-initializer-pj64c[0m
{"level":"warn","ts":1578617491.1263406,"logger":"fallback-logger","caller":"logging/config.go:69","msg":"Fetch GitHub commit ID from kodata failed: open /var/run/ko/HEAD: no such file or directory"}
{"level":"info","ts":1578617491.1380734,"logger":"fallback-logger","caller":"bash/main.go:64","msg":"Successfully executed command \"sh -c mkdir -p /workspace/source\"; output "}

Showing logs for build [32mcb-kubecd-environment-pr-1088-4-xb5fx-1[0m stage [32mfrom-build-pack[0m and container [32mstep-place-tools[0m

Showing logs for build [32mcb-kubecd-environment-pr-1088-4-xb5fx-1[0m stage [32mfrom-build-pack[0m and container [32mstep-git-source-cb-kubecd-environment-pr-1088-4-mm96q[0m
{"level":"warn","ts":1578617495.3716655,"logger":"fallback-logger","caller":"logging/config.go:69","msg":"Fetch GitHub commit ID from kodata failed: \"ref: refs/heads/0.8.0-**-support-backwards-incompats\" is not a valid GitHub commit ID"}
{"level":"info","ts":1578617496.387139,"logger":"fallback-logger","caller":"git/git.go:103","msg":"Successfully cloned https://github.com/cb-kubecd/environment-pr-1088-4-bdd-frontend-staging.git @ master in path /workspace/source"}

Showing logs for build [32mcb-kubecd-environment-pr-1088-4-xb5fx-1[0m stage [32mfrom-build-pack[0m and container [32mstep-git-merge[0m
Using SHAs from PULL_REFS=master:cea980d7fb58bd3165c8949fbfc40356981e194d,1:d0eceb3edb7aadf3df4d120a901e62cf49025f50
DEBUG: ran git fetch --unshallow origin d0eceb3edb7aadf3df4d120a901e62cf49025f50: cea980d7fb58bd3165c8949fbfc40356981e194d: in 
DEBUG: ran git checkout master in 
DEBUG: ran git reset --hard cea980d7fb58bd3165c8949fbfc40356981e194d in 
DEBUG: ran clean --force -d . in 
DEBUG: ran git merge d0eceb3edb7aadf3df4d120a901e62cf49025f50 in 
Merged SHA d0eceb3edb7aadf3df4d120a901e62cf49025f50 with commit message 'chore: Promote bdd-nh-1578616748 to version 0.0.1' into base branch master

Showing logs for build [32mcb-kubecd-environment-pr-1088-4-xb5fx-1[0m stage [32mfrom-build-pack[0m and container [32mstep-build-helm-build[0m
WARNING: No $CHART_REPOSITORY defined so using the default value of: http://jenkins-x-chartmuseum:8080
Adding missing Helm repo: storage.googleapis.com https://storage.googleapis.com/chartmuseum.jenkins-x.io
WARNING: No secrets found on "helm/repos" due: reading the secret "helm/repos" from vault: no secret "helm/repos" not found in vault
Read credentials for https://storage.googleapis.com/chartmuseum.jenkins-x.io from vault helm/repos
Successfully added Helm repository storage.googleapis.com.
Adding missing Helm repo: jenkins-x-chartmuseum http://jenkins-x-chartmuseum:8080
WARNING: No secrets found on "helm/repos" due: reading the secret "helm/repos" from vault: no secret "helm/repos" not found in vault
Read credentials for http://jenkins-x-chartmuseum:8080 from vault helm/repos
Successfully added Helm repository jenkins-x-chartmuseum.
WARNING: No $CHART_REPOSITORY defined so using the default value of: http://jenkins-x-chartmuseum:8080
Adding missing Helm repo: chartmuseum.jenkins-x.io http://chartmuseum.jenkins-x.io
WARNING: No secrets found on "helm/repos" due: reading the secret "helm/repos" from vault: no secret "helm/repos" not found in vault
Read credentials for http://chartmuseum.jenkins-x.io from vault helm/repos
Successfully added Helm repository chartmuseum.jenkins-x.io.
